Linting Swift files in current working directory
Linting 'ModelContainer+Extension.swift' (1/162)
Linting 'KakeiboApp.swift' (2/162)
Linting 'ContentView.swift' (3/162)
Linting 'SpecialPaymentStore.swift' (5/162)
Linting 'AppState.swift' (4/162)
Linting 'SpecialPaymentReconciliationStore.swift' (6/162)
Linting 'ImportStore.swift' (7/162)
Linting 'TransactionStore.swift' (8/162)
Linting 'BudgetStore.swift' (9/162)
Linting 'TransactionStore+CategoryFiltering.swift' (10/162)
Linting 'DashboardStore.swift' (11/162)
Linting 'SpecialPaymentListStore.swift' (12/162)
Linting 'SettingsStore.swift' (13/162)
Linting 'SpecialPayment.swift' (14/162)
Linting 'CustomHoliday.swift' (15/162)
Linting 'Category.swift' (16/162)
Linting 'Budget.swift' (17/162)
Linting 'Transaction.swift' (18/162)
Linting 'FinancialInstitution.swift' (19/162)
Linting 'SpecialPaymentSavingBalance.swift' (20/162)
Linting 'DataFileDocument.swift' (21/162)
Linting 'SecurityScopedResourceAccess.swift' (22/162)
Linting 'Int+Extensions.swift' (23/162)
Linting 'String+Extensions.swift' (24/162)
Linting 'Color+Theme.swift' (25/162)
Linting 'Decimal+Extensions.swift' (26/162)
Linting 'Query+Extensions.swift' (27/162)
Linting 'Date+Extensions.swift' (28/162)
Linting 'CategoryHierarchyGrouping.swift' (29/162)
Linting 'AppConstants.swift' (30/162)
Linting 'SeedHelper.swift' (31/162)
Linting 'SampleData.swift' (32/162)
Linting 'SidebarView.swift' (33/162)
Linting 'CalculationRulesPanel.swift' (34/162)
Linting 'SettingsView.swift' (35/162)
Linting 'SettingsSectionCard.swift' (36/162)
Linting 'DisplaySettingsPanel.swift' (37/162)
Linting 'DataManagementPanel.swift' (38/162)
Linting 'RootView.swift' (39/162)
Linting 'CSVImportView.swift' (40/162)
Linting 'DashboardView.swift' (41/162)
Linting 'DashboardSummaryCard.swift' (42/162)
Linting 'AnnualBudgetCard.swift' (43/162)
Linting 'BudgetDistributionCard.swift' (44/162)
Linting 'CategoryHighlightTable.swift' (45/162)
Linting 'CategoryHierarchyPicker.swift' (46/162)
Linting 'SegmentedControl.swift' (47/162)
Linting 'Card.swift' (48/162)
Linting 'ProgressBar.swift' (49/162)
Linting 'AnnualBudgetCategoryUsageTable.swift' (50/162)
Linting 'ToolbarContent.swift' (51/162)
Linting 'Badge.swift' (52/162)
Linting 'TransactionRow.swift' (53/162)
Linting 'TransactionEditorView.swift' (54/162)
Linting 'TransactionFilterBar.swift' (55/162)
Linting 'TransactionListView.swift' (56/162)
Linting 'AnnualBudgetGrid.swift' (57/162)
Linting 'MonthlyBudgetGrid.swift' (58/162)
Linting 'SpecialPaymentReconciliationView.swift' (59/162)
Linting 'BudgetFormStates.swift' (60/162)
Linting 'SpecialPaymentListView.swift' (61/162)
Linting 'AnnualBudgetEditorSheet.swift' (62/162)
Linting 'BudgetSpecialPaymentSection.swift' (63/162)
Linting 'SpecialPaymentEditorSheet.swift' (64/162)
Linting 'AnnualBudgetPanel.swift' (65/162)
Linting 'BudgetEditorSheet.swift' (66/162)
Linting 'BudgetView.swift' (67/162)
Linting 'BudgetToolbarView.swift' (68/162)
Linting 'BudgetFormComponents.swift' (69/162)
Linting 'JapaneseHolidayProvider.swift' (70/162)
Linting 'HolidayProvider.swift' (71/162)
Linting 'SpecialPaymentBalanceService.swift' (72/162)
Linting 'SpecialPaymentScheduleService.swift' (73/162)
Linting 'BusinessDayService.swift' (74/162)
Linting 'CompositeHolidayProvider.swift' (75/162)
Linting 'CustomHolidayProvider.swift' (76/162)
/Users/warashi/ghq/github.com/Warashi/macos-kakeibo/Sources/Views/Budgets/BudgetView.swift:279:5: error: Cyclomatic Complexity Violation: Function should have complexity 8 or less; currently complexity is 10 (cyclomatic_complexity)
Linting 'BackupManager.swift' (77/162)
Linting 'CSVExporter.swift' (78/162)
Linting 'CSVParser.swift' (79/162)
Linting 'CSVImporterParsers.swift' (80/162)
Linting 'CSVImporterDataResolvers.swift' (81/162)
Linting 'CSVImporter.swift' (82/162)
Linting 'CSVImporterHelpers.swift' (84/162)
Linting 'CSVTypes.swift' (83/162)
Linting 'CSVImporterRowBuilder.swift' (85/162)
Linting 'TransactionAggregator.swift' (86/162)
Linting 'BudgetCalculator.swift' (87/162)
Linting 'AnnualBudgetProgressCalculator.swift' (88/162)
Linting 'AnnualBudgetAllocator.swift' (89/162)
Linting 'AppStateTests.swift' (90/162)
Linting 'EntitlementsTests.swift' (91/162)
Linting 'SpecialPaymentSavingsComplexTests.swift' (92/162)
Linting 'SpecialPaymentSavingsBasicTests.swift' (93/162)
Linting 'SpecialPaymentMultiplePaymentsTests.swift' (94/162)
Linting 'SpecialPaymentListStore_FilterTests.swift' (95/162)
Linting 'SpecialPaymentListEntry_BooleanPropertiesTests.swift' (96/162)
Linting 'SpecialPaymentStoreTests.swift' (97/162)
Linting 'TransactionStoreTests.swift' (98/162)
Linting 'SpecialPaymentStoreCreateDefinitionTests.swift' (99/162)
Linting 'SpecialPaymentStoreUpdateDefinitionTests.swift' (100/162)
Linting 'SpecialPaymentListEntry_AmountPropertiesTests.swift' (101/162)
Linting 'BudgetStoreTestsAnnualConfig.swift' (102/162)
/Users/warashi/ghq/github.com/Warashi/macos-kakeibo/Sources/Services/Calculations/AnnualBudgetAllocator.swift:729:1: error: File Length Violation: File should contain 480 lines or less excluding comments and whitespaces: currently contains 564 (file_length)
/Users/warashi/ghq/github.com/Warashi/macos-kakeibo/Sources/Services/Calculations/AnnualBudgetAllocator.swift:406:13: error: Function Parameter Count Violation: Function should have 4 parameters or less: it currently has 6 (function_parameter_count)
/Users/warashi/ghq/github.com/Warashi/macos-kakeibo/Sources/Services/Calculations/AnnualBudgetAllocator.swift:459:13: error: Function Parameter Count Violation: Function should have 4 parameters or less: it currently has 6 (function_parameter_count)
/Users/warashi/ghq/github.com/Warashi/macos-kakeibo/Sources/Services/Calculations/AnnualBudgetAllocator.swift:511:13: error: Function Parameter Count Violation: Function should have 4 parameters or less: it currently has 6 (function_parameter_count)
/Users/warashi/ghq/github.com/Warashi/macos-kakeibo/Sources/Services/Calculations/AnnualBudgetAllocator.swift:564:13: error: Function Parameter Count Violation: Function should have 4 parameters or less: it currently has 5 (function_parameter_count)
/Users/warashi/ghq/github.com/Warashi/macos-kakeibo/Sources/Services/Calculations/AnnualBudgetAllocator.swift:150:10: error: Type Body Length Violation: Struct body should span 380 lines or less excluding comments and whitespace: currently spans 416 lines (type_body_length)
Linting 'BudgetStoreTestsBasic.swift' (103/162)
Linting 'SpecialPaymentStoreDeleteDefinitionTests.swift' (104/162)
Linting 'SpecialPaymentStore_RecurrenceDayPatternTests.swift' (105/162)
Linting 'DashboardStoreTests.swift' (106/162)
Linting 'SpecialPaymentListEntry_FactoryTests.swift' (107/162)
Linting 'SpecialPaymentStore_UpdateTests.swift' (108/162)
Linting 'SettingsStoreTests.swift' (109/162)
Linting 'ImportStoreTests.swift' (110/162)
Linting 'SpecialPaymentListStore_InitTests.swift' (111/162)
Linting 'BudgetStoreTestsAggregation.swift' (112/162)
Linting 'SpecialPaymentListStore_SortTests.swift' (113/162)
Linting 'BudgetStoreTestsSpecialPaymentSavings.swift' (114/162)
Linting 'SpecialPaymentReconciliationStoreTests.swift' (115/162)
Linting 'FinancialInstitutionTests.swift' (116/162)
Linting 'DayOfMonthPatternWeekdayTests.swift' (117/162)
Linting 'SpecialPaymentSavingBalanceTests.swift' (118/162)
Linting 'DayOfMonthPatternFixedTests.swift' (119/162)
Linting 'BudgetTests.swift' (120/162)
Linting 'CategoryTests.swift' (121/162)
Linting 'DayOfMonthPatternBusinessDayTests.swift' (122/162)
Linting 'SpecialPaymentModelsTests.swift' (123/162)
Linting 'TransactionTests.swift' (124/162)
Linting 'CategoryHierarchyGroupingTests.swift' (125/162)
Linting 'SecurityScopedResourceAccessTests.swift' (126/162)
Linting 'IntExtensionsTests.swift' (127/162)
Linting 'SampleDataTests.swift' (128/162)
Linting 'SeedHelperTests.swift' (129/162)
Linting 'SettingsViewTests.swift' (130/162)
Linting 'KakeiboTests.swift' (131/162)
Linting 'TransactionListViewTests.swift' (132/162)
Linting 'AnnualBudgetPanelTests.swift' (133/162)
Linting 'AnnualBudgetFormStateTests.swift' (134/162)
Linting 'SpecialPaymentReconciliationViewTests.swift' (135/162)
Linting 'SpecialPaymentListViewTests.swift' (136/162)
Linting 'BusinessDayServiceHolidayProviderTests.swift' (137/162)
Linting 'PaymentBalanceRecalculationTests.swift' (138/162)
Linting 'JapaneseHolidayProviderTests.swift' (139/162)
Linting 'CompositeHolidayProviderTests.swift' (140/162)
Linting 'SpecialPaymentScheduleServiceDayPatternTests.swift' (141/162)
Linting 'BusinessDayServiceNavigationTests.swift' (142/162)
Linting 'BusinessDayServiceMonthBoundaryTests.swift' (143/162)
Linting 'ScheduleServiceBusinessDayTests.swift' (144/162)
Linting 'CustomHolidayProviderTests.swift' (145/162)
Linting 'BusinessDayServiceIsBusinessDayTests.swift' (146/162)
Linting 'PaymentBalanceSavingsTests.swift' (147/162)
Linting 'PaymentBalancePaymentTests.swift' (148/162)
Linting 'SpecialPaymentScheduleServiceRecurrenceTests.swift' (149/162)
Linting 'BusinessDayServiceNthDayTests.swift' (150/162)
Linting 'PaymentBalanceDifferenceTests.swift' (151/162)
Linting 'SpecialPaymentScheduleServiceBasicTests.swift' (152/162)
Linting 'CSVExporterTests.swift' (153/162)
Linting 'BackupManagerTests.swift' (154/162)
Linting 'CSVParserTests.swift' (155/162)
Linting 'CSVImporterTests.swift' (156/162)
Linting 'AnnualBudgetProgressCalculatorTests.swift' (157/162)
Linting 'TransactionAggregatorTests.swift' (158/162)
Linting 'BudgetCalculatorBasicTests.swift' (159/162)
Linting 'AnnualBudgetAllocatorTests.swift' (160/162)
Linting 'AnnualBudgetAllocatorCategoryTests.swift' (161/162)
Linting 'BudgetCalculatorSpecialPaymentTests.swift' (162/162)
/Users/warashi/ghq/github.com/Warashi/macos-kakeibo/Tests/Services/Calculations/AnnualBudgetAllocatorCategoryTests.swift:151:23: error: Large Tuple Violation: Tuples should have at most 2 members (large_tuple)
/Users/warashi/ghq/github.com/Warashi/macos-kakeibo/Tests/Services/Calculations/AnnualBudgetAllocatorTests.swift:444:23: error: Large Tuple Violation: Tuples should have at most 2 members (large_tuple)
/Users/warashi/ghq/github.com/Warashi/macos-kakeibo/Tests/Services/Calculations/AnnualBudgetAllocatorTests.swift:8:10: error: Type Body Length Violation: Struct body should span 360 lines or less excluding comments and whitespace: currently spans 368 lines (type_body_length)
Done linting! Found 10 violations, 10 serious in 162 files.
